CO STARTING
CO TITLEONE  01043110000366247
CO TITLETWO  Combined particle and vapor-phase emissions
CO MODELOPT  CONC  BETA  ELEV
CO AVERTIME  1 ANNUAL
CO POLLUTID  UNITHAP
CO RUNORNOT  RUN
CO FINISHED
 
SO STARTING
SO ELEVUNIT METERS
SO LOCATION CEOT0001 POINT 514554.0 3776658.0 233.7
SO SRCPARAM CEOT0001 1000 13.7159999792 353.142 12.7711199806 0.91439999861
SO SRCGROUP CEOT0001 CEOT0001-CEOT0001
SO FINISHED
 
RE STARTING
RE DISCCART  512278 3778241 218 218
RE DISCCART  512114 3778396 220 220
RE DISCCART  511842 3777276 202 202
RE DISCCART  512669 3776894 207 207
RE DISCCART  512231 3777800 212 212
RE DISCCART  512318 3777431 197 197
RE DISCCART  512241 3777394 200 200
RE DISCCART  512080 3775942 220 220
RE DISCCART  512360 3775509 209 209
RE DISCCART  512537 3776036 221 221
RE DISCCART  512991 3776386 221 221
RE DISCCART  512809 3776103 221 221
RE DISCCART  513862 3776752 219 219
RE DISCCART  514242 3776669 234 234
RE DISCCART  513985 3775602 230 230
RE DISCCART  513290 3775613 228 228
RE DISCCART  512863 3775594 213 213
RE DISCCART  512964 3775266 214 214
RE DISCCART  512876 3774905 209 209
RE DISCCART  512769 3774344 213 213
RE DISCCART  516311 3778989 219 219
RE DISCCART  516203 3779042 220 220
RE DISCCART  516710 3778621 219 219
RE DISCCART  516211 3778405 215 215
RE DISCCART  515966 3777143 226 226
RE DISCCART  516428 3777163 231 231
RE DISCCART  516563 3777188 228 228
RE DISCCART  516543 3777365 224 224
RE DISCCART  516516 3777537 220 220
RE DISCCART  516902 3777567 233 233
RE DISCCART  517025 3777078 219 219
RE DISCCART  515992 3779082 207 207
RE DISCCART  515947 3779272 219 219
RE DISCCART  515813 3779227 220 220
RE DISCCART  516176 3779129 217 217
RE DISCCART  513499 3779414 233 233
RE DISCCART  512990 3778975 231 231
RE DISCCART  513540 3778755 225 225
RE DISCCART  513709 3779336 238 238
RE DISCCART  513758 3778799 228 228
RE DISCCART  513538 3779339 230 230
RE DISCCART  513907 3779332 234 234
RE DISCCART  512929 3778459 220 220
RE DISCCART  512537 3778346 216 216
RE DISCCART  512888 3778192 215 215
RE DISCCART  513345 3778431 221 221
RE DISCCART  513547 3778062 219 219
RE DISCCART  514834 3778761 230 230
RE DISCCART  515203 3778323 216 216
RE DISCCART  515094 3778323 217 217
RE DISCCART  515389 3778069 219 219
RE DISCCART  514560 3777883 217 217
RE DISCCART  514249 3778377 224 224
RE DISCCART  514490 3778390 219 219
RE DISCCART  514227 3778271 222 222
RE DISCCART  514272 3778494 225 225
RE DISCCART  515530 3777924 220 220
RE DISCCART  515374 3777930 220 220
RE DISCCART  515267 3777903 219 219
RE DISCCART  515223 3777957 219 219
RE DISCCART  515178 3777897 220 220
RE DISCCART  515089 3777959 220 220
RE DISCCART  514990 3777961 221 221
RE DISCCART  514889 3778049 223 223
RE DISCCART  514897 3777813 225 225
RE DISCCART  515278 3777333 226 226
RE DISCCART  513154 3777166 207 207
RE DISCCART  512597 3777461 203 203
RE DISCCART  512588 3777738 208 208
RE DISCCART  513643 3777300 217 217
RE DISCCART  512561 3777189 206 206
RE DISCCART  517049 3776790 221 221
RE DISCCART  516505 3776371 223 223
RE DISCCART  516002 3776797 224 224
RE DISCCART  515571 3776702 226 226
RE DISCCART  515066 3776508 234 234
RE DISCCART  515385 3776216 225 225
RE DISCCART  515088 3774750 233 233
RE DISCCART  515417 3775995 219 219
RE DISCCART  517326 3776177 219 219
RE DISCCART  516305 3774425 208 208
RE DISCCART  515931 3775066 219 219
RE DISCCART  516298 3774772 216 216
RE DISCCART  515730 3775661 213 213
RE DISCCART  513882 3774433 217 217
RE DISCCART  516655 3775261 220 220
RE GRIDPOLR polgrid1 STA
RE GRIDPOLR polgrid1 ORIG 514554.0 3776658.0
RE GRIDPOLR polgrid1 DIST 100.0 160.0 260.0 420.0 680.0 1110.0 1800.0 3000.0 5300.0 9300.0 16300.0 28600.0 50000.0
RE GRIDPOLR polgrid1 DDIR 0.0 22.5 45.0 67.5 90.0 112.5 135.0 157.5 180.0 202.5 225.0 247.5 270.0 292.5 315.0 337.5
RE GRIDPOLR polgrid1 ELEV 0.0 233.7 233.7 233.7 233.7 216.8 225.3 229.7 249.9 256.7 320.9 352.2 347.4 186.1
RE GRIDPOLR polgrid1 HILL 0.0 233.7 233.7 233.7 233.7 216.8 225.3 229.7 249.9 256.7 320.9 352.2 347.4 186.1
RE GRIDPOLR polgrid1 ELEV 22.5 233.7 233.7 233.7 233.7 226.1 220.0 220.5 232.6 250.0 286.6 329.6 391.4 174.1
RE GRIDPOLR polgrid1 HILL 22.5 233.7 233.7 233.7 233.7 226.1 220.0 220.5 232.6 250.0 286.6 329.6 391.4 174.1
RE GRIDPOLR polgrid1 ELEV 45.0 233.7 233.7 233.7 233.7 226.1 226.1 219.6 230.9 256.7 286.8 324.9 340.9 247.9
RE GRIDPOLR polgrid1 HILL 45.0 233.7 233.7 233.6 233.6 226.1 226.1 219.6 230.9 256.7 286.8 324.9 340.9 247.9
RE GRIDPOLR polgrid1 ELEV 67.5 233.7 233.7 233.7 233.6 225.7 225.5 232.6 236.5 237.1 245.4 290.8 334.5 224.7
RE GRIDPOLR polgrid1 HILL 67.5 233.7 233.6 233.6 233.6 225.7 225.5 232.6 236.5 237.1 245.4 290.8 334.5 224.7
RE GRIDPOLR polgrid1 ELEV 90.0 233.7 233.7 233.7 233.6 233.6 225.7 223.2 217.1 219.0 231.6 353.4 384.6 272.2
RE GRIDPOLR polgrid1 HILL 90.0 233.7 233.6 233.6 233.6 233.6 225.7 223.2 217.1 219.0 231.6 353.4 384.6 272.2
RE GRIDPOLR polgrid1 ELEV 112.5 233.7 233.7 233.7 233.6 225.0 212.6 220.4 224.3 208.2 205.8 369.0 428.2 315.0
RE GRIDPOLR polgrid1 HILL 112.5 233.7 233.6 233.6 233.6 225.0 212.6 220.4 224.3 208.2 205.8 369.0 428.2 315.0
RE GRIDPOLR polgrid1 ELEV 135.0 233.7 233.7 233.7 233.6 233.6 218.8 219.4 275.4 255.0 231.5 323.6 411.9 216.8
RE GRIDPOLR polgrid1 HILL 135.0 233.7 233.6 233.6 233.6 233.6 218.8 219.4 275.4 255.0 231.5 323.6 411.9 216.8
RE GRIDPOLR polgrid1 ELEV 157.5 233.7 233.7 233.7 233.7 233.6 218.8 233.0 243.9 271.3 276.8 345.0 262.0 217.9
RE GRIDPOLR polgrid1 HILL 157.5 233.7 233.7 233.6 233.6 233.6 218.8 233.0 243.9 271.3 276.8 345.0 262.0 217.9
RE GRIDPOLR polgrid1 ELEV 180.0 233.7 233.7 233.7 233.7 233.7 229.8 217.3 218.5 264.2 262.2 253.7 280.5 151.9
RE GRIDPOLR polgrid1 HILL 180.0 233.7 233.7 233.7 233.7 229.8 229.8 217.3 218.5 264.2 262.2 253.7 280.5 151.9
RE GRIDPOLR polgrid1 ELEV 202.5 233.7 233.7 233.7 233.7 229.8 229.8 212.8 214.6 212.7 241.1 250.1 189.4 141.3
RE GRIDPOLR polgrid1 HILL 202.5 233.7 233.7 233.7 233.7 229.8 229.8 212.8 214.6 212.7 241.1 250.1 189.4 141.3
RE GRIDPOLR polgrid1 ELEV 225.0 233.7 233.7 233.7 233.7 233.7 227.7 213.8 216.4 269.4 255.3 234.8 202.4 128.6
RE GRIDPOLR polgrid1 HILL 225.0 233.7 233.7 233.7 233.7 233.7 227.7 213.8 216.4 269.4 255.3 234.8 202.4 128.6
RE GRIDPOLR polgrid1 ELEV 247.5 233.7 233.7 233.7 233.7 219.2 220.8 221.1 215.4 220.4 255.0 252.8 249.7 170.5
RE GRIDPOLR polgrid1 HILL 247.5 233.7 233.7 233.7 233.7 219.2 220.8 221.1 215.4 220.4 255.0 252.8 249.7 170.5
RE GRIDPOLR polgrid1 ELEV 270.0 233.7 233.7 233.7 233.7 219.2 206.6 207.2 214.3 269.2 279.4 280.2 268.5 229.2
RE GRIDPOLR polgrid1 HILL 270.0 233.7 233.7 233.7 233.7 219.2 206.6 207.2 214.3 269.2 279.4 280.2 268.5 229.2
RE GRIDPOLR polgrid1 ELEV 292.5 233.7 233.7 233.7 233.7 219.2 217.2 219.7 237.1 297.3 311.4 307.5 303.9 225.2
RE GRIDPOLR polgrid1 HILL 292.5 233.7 233.7 233.7 233.7 219.2 217.2 219.7 237.1 297.3 311.4 307.5 303.9 225.2
RE GRIDPOLR polgrid1 ELEV 315.0 233.7 233.7 233.7 233.7 219.2 219.1 231.2 245.7 293.2 320.1 337.6 282.3 195.4
RE GRIDPOLR polgrid1 HILL 315.0 233.7 233.7 233.7 233.7 219.2 219.1 231.2 245.7 293.2 320.1 337.6 282.3 195.4
RE GRIDPOLR polgrid1 ELEV 337.5 233.7 233.7 233.7 233.7 233.7 224.4 237.6 247.2 304.0 312.1 328.5 341.6 219.4
RE GRIDPOLR polgrid1 HILL 337.5 233.7 233.7 233.7 233.7 233.7 224.4 237.6 247.2 304.0 312.1 328.5 341.6 219.4
RE GRIDPOLR polgrid1 END
RE FINISHED
ME STARTING
ME SURFFILE  metdata\AL03856.SFC
ME PROFFILE  metdata\AL03856.PFL
ME SURFDATA  3856 2016 HUNTSVILLE,AL
ME UAIRDATA  53823 2016 BIRMINGHAM,AL
ME PROFBASE  190
ME FINISHED
OU STARTING
OU FILEFORM EXP
OU PLOTFILE ANNUAL CEOT0001 resources\plotfile.plt 35
OU FINISHED


  *** Message Summary For AERMOD Model Setup ***

  --------- Summary of Total Messages --------
  
 A Total of            0 Fatal Error Message(s)
 A Total of            3 Warning Message(s)
 A Total of            0 Informational Message(s)
  
  
    ******** FATAL ERROR MESSAGES ******** 
               ***  NONE  ***         
  
  
    ********   WARNING MESSAGES   ******** 
 ME W186     148       MEOPEN: THRESH_1MIN 1-min ASOS wind speed threshold used           0.50
 ME W187     148       MEOPEN: ADJ_U* Option for Low Winds used in AERMET                     
 OU W540     152        OUTQA: No RECTABLE/MAXTABLE/DAYTABLE for Average Period         001-HR

 ***********************************
 *** SETUP Finishes Successfully ***
 ***********************************

 *** AERMOD - VERSION 16216r ***   ***  01043110000366247                                                   ***        10/23/18
 *** AERMET - VERSION  16216 ***   ***  Combined particle and vapor-phase emissions                         ***        12:42:54
                                                                                                                       PAGE   1
 *** MODELOPTs:    NonDFAULT  CONC  ELEV  BETA  RURAL  ADJ_U*

                                            ***     MODEL SETUP OPTIONS SUMMARY       ***
 - - - - - - - - - - - - - - - - - - - - - - - - - - - - - - - - - - - - - - - - - - - - - - - - - - - - - - - - - - - - - - -

 **Model Is Setup For Calculation of Average CONCentration Values.
  
   --  DEPOSITION LOGIC  --
 **NO GAS DEPOSITION Data Provided.
 **NO PARTICLE DEPOSITION Data Provided.
 **Model Uses NO DRY DEPLETION.  DRYDPLT  =  F
 **Model Uses NO WET DEPLETION.  WETDPLT  =  F
  
 **Model Uses RURAL Dispersion Only.
  
 **Model Allows User-Specified Options:
         1. Stack-tip Downwash.
         2. Model Accounts for ELEVated Terrain Effects.
         3. Use Calms Processing Routine.
         4. Use Missing Data Processing Routine.
         5. No Exponential Decay.
  
 **Other Options Specified:
         ADJ_U*   - Use ADJ_U* BETA option for SBL in AERMET
         CCVR_Sub - Meteorological data includes CCVR substitutions
         TEMP_Sub - Meteorological data includes TEMP substitutions
  
 **Model Assumes No FLAGPOLE Receptor Heights.
  
 **The User Specified a Pollutant Type of:  UNITHAP 
  
 **Model Calculates  1 Short Term Average(s) of:   1-HR
     and Calculates ANNUAL Averages
  
 **This Run Includes:      1 Source(s);       1 Source Group(s); and     294 Receptor(s)

                with:      1 POINT(s), including
                           0 POINTCAP(s) and      0 POINTHOR(s)
                 and:      0 VOLUME source(s)
                 and:      0 AREA type source(s)
                 and:      0 LINE source(s)
                 and:      0 OPENPIT source(s)
                 and:      0 BUOYANT LINE source(s) with      0 line(s)

  
 **Model Set To Continue RUNning After the Setup Testing.

 **The AERMET Input Meteorological Data Version Date:  16216
  
 **Output Options Selected:
          Model Outputs Tables of ANNUAL Averages by Receptor
          Model Outputs External File(s) of High Values for Plotting (PLOTFILE Keyword)
  
          NOTE: Option for EXPonential format used in formatted output result files (FILEFORM Keyword)
  
 **NOTE:  The Following Flags May Appear Following CONC Values:  c for Calm Hours
                                                                 m for Missing Hours
                                                                 b for Both Calm and Missing Hours
  
 **Misc. Inputs:  Base Elev. for Pot. Temp. Profile (m MSL) =   190.00 ;  Decay Coef. =    0.000     ;  Rot. Angle =     0.0
                  Emission Units = GRAMS/SEC                                ;  Emission Rate Unit Factor =   0.10000E+07
                  Output Units   = MICROGRAMS/M**3                         
  
 **Approximate Storage Requirements of Model =      3.5 MB of RAM.
  
 *** AERMOD - VERSION 16216r ***   ***  01043110000366247                                                   ***        10/23/18
 *** AERMET - VERSION  16216 ***   ***  Combined particle and vapor-phase emissions                         ***        12:42:54
                                                                                                                       PAGE   2
 *** MODELOPTs:    NonDFAULT  CONC  ELEV  BETA  RURAL  ADJ_U*


                                                  *** POINT SOURCE DATA ***

               NUMBER EMISSION RATE                    BASE     STACK   STACK    STACK     STACK    BLDG   URBAN  CAP/  EMIS RATE
   SOURCE       PART.  (GRAMS/SEC)     X        Y      ELEV.    HEIGHT  TEMP.   EXIT VEL. DIAMETER  EXISTS SOURCE HOR   SCALAR
     ID         CATS.               (METERS) (METERS) (METERS) (METERS) (DEG.K)  (M/SEC)  (METERS)                      VARY BY
 - - - - - - - - - - - - - - - - - - - - - - - - - - - - - - - - - - - - - - - - - - - - - - - - - - - - - - - - - - - - - - - - -

 CEOT0001         0   0.10000E+04  514554.0 3776658.0   233.7    13.72   353.14    12.77     0.91    NO      NO    NO         
 *** AERMOD - VERSION 16216r ***   ***  01043110000366247                                                   ***        10/23/18
 *** AERMET - VERSION  16216 ***   ***  Combined particle and vapor-phase emissions                         ***        12:42:54
                                                                                                                       PAGE   3
 *** MODELOPTs:    NonDFAULT  CONC  ELEV  BETA  RURAL  ADJ_U*


                                           *** SOURCE IDs DEFINING SOURCE GROUPS ***

 SRCGROUP ID                                              SOURCE IDs
 -----------                                              ----------


  CEOT0001   CEOT0001    ,
 *** AERMOD - VERSION 16216r ***   ***  01043110000366247                                                   ***        10/23/18
 *** AERMET - VERSION  16216 ***   ***  Combined particle and vapor-phase emissions                         ***        12:42:54
                                                                                                                       PAGE   4
 *** MODELOPTs:    NonDFAULT  CONC  ELEV  BETA  RURAL  ADJ_U*

                                        *** GRIDDED RECEPTOR NETWORK SUMMARY ***

                                  *** NETWORK ID: POLGRID1 ;  NETWORK TYPE: GRIDPOLR ***

                                          *** ORIGIN FOR POLAR NETWORK ***
                                X-ORIG = 514554.00 ;   Y-ORIG = 3776658.00  (METERS)

                                          *** DISTANCE RANGES OF NETWORK ***
                                                    (METERS)

          100.0,     160.0,     260.0,     420.0,     680.0,    1110.0,    1800.0,    3000.0,    5300.0,    9300.0,
        16300.0,   28600.0,   50000.0,

                                          *** DIRECTION RADIALS OF NETWORK *** 
                                                    (DEGREES)

          360.0,      22.5,      45.0,      67.5,      90.0,     112.5,     135.0,     157.5,     180.0,     202.5,
          225.0,     247.5,     270.0,     292.5,     315.0,     337.5,
 *** AERMOD - VERSION 16216r ***   ***  01043110000366247                                                   ***        10/23/18
 *** AERMET - VERSION  16216 ***   ***  Combined particle and vapor-phase emissions                         ***        12:42:54
                                                                                                                       PAGE   5
 *** MODELOPTs:    NonDFAULT  CONC  ELEV  BETA  RURAL  ADJ_U*

                                  *** NETWORK ID: POLGRID1 ;  NETWORK TYPE: GRIDPOLR ***

                                                * ELEVATION HEIGHTS IN METERS *

   DIRECTION |                                                DISTANCE (METERS)
   (DEGREES) |        100.00       160.00       260.00       420.00       680.00      1110.00      1800.00      3000.00      5300.00
 - - - - - - - - - - - - - - - - - - - - - - - - - - - - - - - - - - - - - - - - - - - - - - - - - - - - - - - - - - - - - - - - - -

      360.00 |        233.70       233.70       233.70       233.70       216.80       225.30       229.70       249.90       256.70
       22.50 |        233.70       233.70       233.70       233.70       226.10       220.00       220.50       232.60       250.00
       45.00 |        233.70       233.70       233.70       233.70       226.10       226.10       219.60       230.90       256.70
       67.50 |        233.70       233.70       233.70       233.60       225.70       225.50       232.60       236.50       237.10
       90.00 |        233.70       233.70       233.70       233.60       233.60       225.70       223.20       217.10       219.00
      112.50 |        233.70       233.70       233.70       233.60       225.00       212.60       220.40       224.30       208.20
      135.00 |        233.70       233.70       233.70       233.60       233.60       218.80       219.40       275.40       255.00
      157.50 |        233.70       233.70       233.70       233.70       233.60       218.80       233.00       243.90       271.30
      180.00 |        233.70       233.70       233.70       233.70       233.70       229.80       217.30       218.50       264.20
      202.50 |        233.70       233.70       233.70       233.70       229.80       229.80       212.80       214.60       212.70
      225.00 |        233.70       233.70       233.70       233.70       233.70       227.70       213.80       216.40       269.40
      247.50 |        233.70       233.70       233.70       233.70       219.20       220.80       221.10       215.40       220.40
      270.00 |        233.70       233.70       233.70       233.70       219.20       206.60       207.20       214.30       269.20
      292.50 |        233.70       233.70       233.70       233.70       219.20       217.20       219.70       237.10       297.30
      315.00 |        233.70       233.70       233.70       233.70       219.20       219.10       231.20       245.70       293.20
      337.50 |        233.70       233.70       233.70       233.70       233.70       224.40       237.60       247.20       304.00
 *** AERMOD - VERSION 16216r ***   ***  01043110000366247                                                   ***        10/23/18
 *** AERMET - VERSION  16216 ***   ***  Combined particle and vapor-phase emissions                         ***        12:42:54
                                                                                                                       PAGE   6
 *** MODELOPTs:    NonDFAULT  CONC  ELEV  BETA  RURAL  ADJ_U*

                                  *** NETWORK ID: POLGRID1 ;  NETWORK TYPE: GRIDPOLR ***

                                                * ELEVATION HEIGHTS IN METERS *

   DIRECTION |                                                DISTANCE (METERS)
   (DEGREES) |       9300.00     16300.00     28600.00     50000.00
 - - - - - - - - - - - - - - - - - - - - - - - - - - - - - - - - - - - - - - - - - - - - - - - - - - - - - - - - - - - - - - - - - -

      360.00 |        320.90       352.20       347.40       186.10
       22.50 |        286.60       329.60       391.40       174.10
       45.00 |        286.80       324.90       340.90       247.90
       67.50 |        245.40       290.80       334.50       224.70
       90.00 |        231.60       353.40       384.60       272.20
      112.50 |        205.80       369.00       428.20       315.00
      135.00 |        231.50       323.60       411.90       216.80
      157.50 |        276.80       345.00       262.00       217.90
      180.00 |        262.20       253.70       280.50       151.90
      202.50 |        241.10       250.10       189.40       141.30
      225.00 |        255.30       234.80       202.40       128.60
      247.50 |        255.00       252.80       249.70       170.50
      270.00 |        279.40       280.20       268.50       229.20
      292.50 |        311.40       307.50       303.90       225.20
      315.00 |        320.10       337.60       282.30       195.40
      337.50 |        312.10       328.50       341.60       219.40
 *** AERMOD - VERSION 16216r ***   ***  01043110000366247                                                   ***        10/23/18
 *** AERMET - VERSION  16216 ***   ***  Combined particle and vapor-phase emissions                         ***        12:42:54
                                                                                                                       PAGE   7
 *** MODELOPTs:    NonDFAULT  CONC  ELEV  BETA  RURAL  ADJ_U*

                                  *** NETWORK ID: POLGRID1 ;  NETWORK TYPE: GRIDPOLR ***

                                                * HILL HEIGHT SCALES IN METERS *

   DIRECTION |                                                DISTANCE (METERS)
   (DEGREES) |        100.00       160.00       260.00       420.00       680.00      1110.00      1800.00      3000.00      5300.00
 - - - - - - - - - - - - - - - - - - - - - - - - - - - - - - - - - - - - - - - - - - - - - - - - - - - - - - - - - - - - - - - - - -

      360.00 |        233.70       233.70       233.70       233.70       216.80       225.30       229.70       249.90       256.70
       22.50 |        233.70       233.70       233.70       233.70       226.10       220.00       220.50       232.60       250.00
       45.00 |        233.70       233.70       233.60       233.60       226.10       226.10       219.60       230.90       256.70
       67.50 |        233.70       233.60       233.60       233.60       225.70       225.50       232.60       236.50       237.10
       90.00 |        233.70       233.60       233.60       233.60       233.60       225.70       223.20       217.10       219.00
      112.50 |        233.70       233.60       233.60       233.60       225.00       212.60       220.40       224.30       208.20
      135.00 |        233.70       233.60       233.60       233.60       233.60       218.80       219.40       275.40       255.00
      157.50 |        233.70       233.70       233.60       233.60       233.60       218.80       233.00       243.90       271.30
      180.00 |        233.70       233.70       233.70       233.70       229.80       229.80       217.30       218.50       264.20
      202.50 |        233.70       233.70       233.70       233.70       229.80       229.80       212.80       214.60       212.70
      225.00 |        233.70       233.70       233.70       233.70       233.70       227.70       213.80       216.40       269.40
      247.50 |        233.70       233.70       233.70       233.70       219.20       220.80       221.10       215.40       220.40
      270.00 |        233.70       233.70       233.70       233.70       219.20       206.60       207.20       214.30       269.20
      292.50 |        233.70       233.70       233.70       233.70       219.20       217.20       219.70       237.10       297.30
      315.00 |        233.70       233.70       233.70       233.70       219.20       219.10       231.20       245.70       293.20
      337.50 |        233.70       233.70       233.70       233.70       233.70       224.40       237.60       247.20       304.00
 *** AERMOD - VERSION 16216r ***   ***  01043110000366247                                                   ***        10/23/18
 *** AERMET - VERSION  16216 ***   ***  Combined particle and vapor-phase emissions                         ***        12:42:54
                                                                                                                       PAGE   8
 *** MODELOPTs:    NonDFAULT  CONC  ELEV  BETA  RURAL  ADJ_U*

                                  *** NETWORK ID: POLGRID1 ;  NETWORK TYPE: GRIDPOLR ***

                                                * HILL HEIGHT SCALES IN METERS *

   DIRECTION |                                                DISTANCE (METERS)
   (DEGREES) |       9300.00     16300.00     28600.00     50000.00
 - - - - - - - - - - - - - - - - - - - - - - - - - - - - - - - - - - - - - - - - - - - - - - - - - - - - - - - - - - - - - - - - - -

      360.00 |        320.90       352.20       347.40       186.10
       22.50 |        286.60       329.60       391.40       174.10
       45.00 |        286.80       324.90       340.90       247.90
       67.50 |        245.40       290.80       334.50       224.70
       90.00 |        231.60       353.40       384.60       272.20
      112.50 |        205.80       369.00       428.20       315.00
      135.00 |        231.50       323.60       411.90       216.80
      157.50 |        276.80       345.00       262.00       217.90
      180.00 |        262.20       253.70       280.50       151.90
      202.50 |        241.10       250.10       189.40       141.30
      225.00 |        255.30       234.80       202.40       128.60
      247.50 |        255.00       252.80       249.70       170.50
      270.00 |        279.40       280.20       268.50       229.20
      292.50 |        311.40       307.50       303.90       225.20
      315.00 |        320.10       337.60       282.30       195.40
      337.50 |        312.10       328.50       341.60       219.40
 *** AERMOD - VERSION 16216r ***   ***  01043110000366247                                                   ***        10/23/18
 *** AERMET - VERSION  16216 ***   ***  Combined particle and vapor-phase emissions                         ***        12:42:54
                                                                                                                       PAGE   9
 *** MODELOPTs:    NonDFAULT  CONC  ELEV  BETA  RURAL  ADJ_U*

                                             *** DISCRETE CARTESIAN RECEPTORS ***
                                           (X-COORD, Y-COORD, ZELEV, ZHILL, ZFLAG)
                                                           (METERS)

     ( 512278.0, 3778241.0,     218.0,     218.0,       0.0);         ( 512114.0, 3778396.0,     220.0,     220.0,       0.0);      
     ( 511842.0, 3777276.0,     202.0,     202.0,       0.0);         ( 512669.0, 3776894.0,     207.0,     207.0,       0.0);      
     ( 512231.0, 3777800.0,     212.0,     212.0,       0.0);         ( 512318.0, 3777431.0,     197.0,     197.0,       0.0);      
     ( 512241.0, 3777394.0,     200.0,     200.0,       0.0);         ( 512080.0, 3775942.0,     220.0,     220.0,       0.0);      
     ( 512360.0, 3775509.0,     209.0,     209.0,       0.0);         ( 512537.0, 3776036.0,     221.0,     221.0,       0.0);      
     ( 512991.0, 3776386.0,     221.0,     221.0,       0.0);         ( 512809.0, 3776103.0,     221.0,     221.0,       0.0);      
     ( 513862.0, 3776752.0,     219.0,     219.0,       0.0);         ( 514242.0, 3776669.0,     234.0,     234.0,       0.0);      
     ( 513985.0, 3775602.0,     230.0,     230.0,       0.0);         ( 513290.0, 3775613.0,     228.0,     228.0,       0.0);      
     ( 512863.0, 3775594.0,     213.0,     213.0,       0.0);         ( 512964.0, 3775266.0,     214.0,     214.0,       0.0);      
     ( 512876.0, 3774905.0,     209.0,     209.0,       0.0);         ( 512769.0, 3774344.0,     213.0,     213.0,       0.0);      
     ( 516311.0, 3778989.0,     219.0,     219.0,       0.0);         ( 516203.0, 3779042.0,     220.0,     220.0,       0.0);      
     ( 516710.0, 3778621.0,     219.0,     219.0,       0.0);         ( 516211.0, 3778405.0,     215.0,     215.0,       0.0);      
     ( 515966.0, 3777143.0,     226.0,     226.0,       0.0);         ( 516428.0, 3777163.0,     231.0,     231.0,       0.0);      
     ( 516563.0, 3777188.0,     228.0,     228.0,       0.0);         ( 516543.0, 3777365.0,     224.0,     224.0,       0.0);      
     ( 516516.0, 3777537.0,     220.0,     220.0,       0.0);         ( 516902.0, 3777567.0,     233.0,     233.0,       0.0);      
     ( 517025.0, 3777078.0,     219.0,     219.0,       0.0);         ( 515992.0, 3779082.0,     207.0,     207.0,       0.0);      
     ( 515947.0, 3779272.0,     219.0,     219.0,       0.0);         ( 515813.0, 3779227.0,     220.0,     220.0,       0.0);      
     ( 516176.0, 3779129.0,     217.0,     217.0,       0.0);         ( 513499.0, 3779414.0,     233.0,     233.0,       0.0);      
     ( 512990.0, 3778975.0,     231.0,     231.0,       0.0);         ( 513540.0, 3778755.0,     225.0,     225.0,       0.0);      
     ( 513709.0, 3779336.0,     238.0,     238.0,       0.0);         ( 513758.0, 3778799.0,     228.0,     228.0,       0.0);      
     ( 513538.0, 3779339.0,     230.0,     230.0,       0.0);         ( 513907.0, 3779332.0,     234.0,     234.0,       0.0);      
     ( 512929.0, 3778459.0,     220.0,     220.0,       0.0);         ( 512537.0, 3778346.0,     216.0,     216.0,       0.0);      
     ( 512888.0, 3778192.0,     215.0,     215.0,       0.0);         ( 513345.0, 3778431.0,     221.0,     221.0,       0.0);      
     ( 513547.0, 3778062.0,     219.0,     219.0,       0.0);         ( 514834.0, 3778761.0,     230.0,     230.0,       0.0);      
     ( 515203.0, 3778323.0,     216.0,     216.0,       0.0);         ( 515094.0, 3778323.0,     217.0,     217.0,       0.0);      
     ( 515389.0, 3778069.0,     219.0,     219.0,       0.0);         ( 514560.0, 3777883.0,     217.0,     217.0,       0.0);      
     ( 514249.0, 3778377.0,     224.0,     224.0,       0.0);         ( 514490.0, 3778390.0,     219.0,     219.0,       0.0);      
     ( 514227.0, 3778271.0,     222.0,     222.0,       0.0);         ( 514272.0, 3778494.0,     225.0,     225.0,       0.0);      
     ( 515530.0, 3777924.0,     220.0,     220.0,       0.0);         ( 515374.0, 3777930.0,     220.0,     220.0,       0.0);      
     ( 515267.0, 3777903.0,     219.0,     219.0,       0.0);         ( 515223.0, 3777957.0,     219.0,     219.0,       0.0);      
     ( 515178.0, 3777897.0,     220.0,     220.0,       0.0);         ( 515089.0, 3777959.0,     220.0,     220.0,       0.0);      
     ( 514990.0, 3777961.0,     221.0,     221.0,       0.0);         ( 514889.0, 3778049.0,     223.0,     223.0,       0.0);      
     ( 514897.0, 3777813.0,     225.0,     225.0,       0.0);         ( 515278.0, 3777333.0,     226.0,     226.0,       0.0);      
     ( 513154.0, 3777166.0,     207.0,     207.0,       0.0);         ( 512597.0, 3777461.0,     203.0,     203.0,       0.0);      
     ( 512588.0, 3777738.0,     208.0,     208.0,       0.0);         ( 513643.0, 3777300.0,     217.0,     217.0,       0.0);      
     ( 512561.0, 3777189.0,     206.0,     206.0,       0.0);         ( 517049.0, 3776790.0,     221.0,     221.0,       0.0);      
     ( 516505.0, 3776371.0,     223.0,     223.0,       0.0);         ( 516002.0, 3776797.0,     224.0,     224.0,       0.0);      
     ( 515571.0, 3776702.0,     226.0,     226.0,       0.0);         ( 515066.0, 3776508.0,     234.0,     234.0,       0.0);      
     ( 515385.0, 3776216.0,     225.0,     225.0,       0.0);         ( 515088.0, 3774750.0,     233.0,     233.0,       0.0);      
     ( 515417.0, 3775995.0,     219.0,     219.0,       0.0);         ( 517326.0, 3776177.0,     219.0,     219.0,       0.0);      
     ( 516305.0, 3774425.0,     208.0,     208.0,       0.0);         ( 515931.0, 3775066.0,     219.0,     219.0,       0.0);      
     ( 516298.0, 3774772.0,     216.0,     216.0,       0.0);         ( 515730.0, 3775661.0,     213.0,     213.0,       0.0);      
     ( 513882.0, 3774433.0,     217.0,     217.0,       0.0);         ( 516655.0, 3775261.0,     220.0,     220.0,       0.0);      
 *** AERMOD - VERSION 16216r ***   ***  01043110000366247                                                   ***        10/23/18
 *** AERMET - VERSION  16216 ***   ***  Combined particle and vapor-phase emissions                         ***        12:42:54
                                                                                                                       PAGE  10
 *** MODELOPTs:    NonDFAULT  CONC  ELEV  BETA  RURAL  ADJ_U*

                                            *** METEOROLOGICAL DAYS SELECTED FOR PROCESSING ***
                                                               (1=YES; 0=NO)

            1 1 1 1 1 1 1 1 1 1   1 1 1 1 1 1 1 1 1 1   1 1 1 1 1 1 1 1 1 1   1 1 1 1 1 1 1 1 1 1   1 1 1 1 1 1 1 1 1 1
            1 1 1 1 1 1 1 1 1 1   1 1 1 1 1 1 1 1 1 1   1 1 1 1 1 1 1 1 1 1   1 1 1 1 1 1 1 1 1 1   1 1 1 1 1 1 1 1 1 1
            1 1 1 1 1 1 1 1 1 1   1 1 1 1 1 1 1 1 1 1   1 1 1 1 1 1 1 1 1 1   1 1 1 1 1 1 1 1 1 1   1 1 1 1 1 1 1 1 1 1
            1 1 1 1 1 1 1 1 1 1   1 1 1 1 1 1 1 1 1 1   1 1 1 1 1 1 1 1 1 1   1 1 1 1 1 1 1 1 1 1   1 1 1 1 1 1 1 1 1 1
            1 1 1 1 1 1 1 1 1 1   1 1 1 1 1 1 1 1 1 1   1 1 1 1 1 1 1 1 1 1   1 1 1 1 1 1 1 1 1 1   1 1 1 1 1 1 1 1 1 1
            1 1 1 1 1 1 1 1 1 1   1 1 1 1 1 1 1 1 1 1   1 1 1 1 1 1 1 1 1 1   1 1 1 1 1 1 1 1 1 1   1 1 1 1 1 1 1 1 1 1
            1 1 1 1 1 1 1 1 1 1   1 1 1 1 1 1 1 1 1 1   1 1 1 1 1 1 1 1 1 1   1 1 1 1 1 1 1 1 1 1   1 1 1 1 1 1 1 1 1 1
            1 1 1 1 1 1 1 1 1 1   1 1 1 1 1 1

                NOTE:  METEOROLOGICAL DATA ACTUALLY PROCESSED WILL ALSO DEPEND ON WHAT IS INCLUDED IN THE DATA FILE.



                                  *** UPPER BOUND OF FIRST THROUGH FIFTH WIND SPEED CATEGORIES ***
                                                            (METERS/SEC)

                                                 1.54,   3.09,   5.14,   8.23,  10.80,
 *** AERMOD - VERSION 16216r ***   ***  01043110000366247                                                   ***        10/23/18
 *** AERMET - VERSION  16216 ***   ***  Combined particle and vapor-phase emissions                         ***        12:42:54
                                                                                                                       PAGE  11
 *** MODELOPTs:    NonDFAULT  CONC  ELEV  BETA  RURAL  ADJ_U*

                                    *** UP TO THE FIRST 24 HOURS OF METEOROLOGICAL DATA ***

   Surface file:   metdata\AL03856.SFC                                                                Met Version:  16216
   Profile file:   metdata\AL03856.PFL                                                             
   Surface format: FREE                                                                                                     
   Profile format: FREE                                                                                                     
   Surface station no.:     3856                  Upper air station no.:    53823
                  Name: HUNTSVILLE,AL                              Name: BIRMINGHAM,AL                           
                  Year:   2016                                     Year:   2016

 First 24 hours of scalar data
 YR MO DY JDY HR     H0     U*     W*  DT/DZ ZICNV ZIMCH  M-O LEN    Z0  BOWEN ALBEDO  REF WS   WD     HT  REF TA     HT
- - - - - - - - - - - - - - - - - - - - - - - - - - - - - - - - - - - - - - - - - - - - - - - - - - - - - - - - - - - - - 
 16 01 01   1 01  -40.4  0.398 -9.000 -9.000 -999.  602.    174.1  0.02   0.69   1.00    6.46    1.   10.0  276.4    2.0
 16 01 01   1 02  -37.2  0.366 -9.000 -9.000 -999.  532.    147.1  0.02   0.69   1.00    5.96    8.   10.0  275.9    2.0
 16 01 01   1 03  -33.3  0.327 -9.000 -9.000 -999.  451.    117.9  0.02   0.69   1.00    5.36   14.   10.0  275.9    2.0
 16 01 01   1 04  -30.1  0.296 -9.000 -9.000 -999.  386.     96.1  0.02   0.69   1.00    4.86   13.   10.0  275.4    2.0
 16 01 01   1 05  -23.7  0.233 -9.000 -9.000 -999.  271.     59.5  0.02   0.69   1.00    3.86   23.   10.0  275.4    2.0
 16 01 01   1 06  -23.7  0.233 -9.000 -9.000 -999.  269.     59.5  0.02   0.69   1.00    3.86   12.   10.0  275.4    2.0
 16 01 01   1 07  -27.4  0.268 -9.000 -9.000 -999.  334.     79.3  0.02   0.69   1.00    4.36  355.   10.0  275.4    2.0
 16 01 01   1 08  -25.6  0.297 -9.000 -9.000 -999.  388.     96.8  0.02   0.69   0.51    4.86    3.   10.0  275.4    2.0
 16 01 01   1 09    1.7  0.316  0.186  0.025  133.  427.  -1641.2  0.02   0.69   0.30    4.86  347.   10.0  275.9    2.0
 16 01 01   1 10   11.4  0.322  0.484  0.024  356.  438.   -262.5  0.02   0.69   0.23    4.86  351.   10.0  275.9    2.0
 16 01 01   1 11   18.0  0.325  0.589  0.023  404.  444.   -170.3  0.02   0.69   0.20    4.86  354.   10.0  276.4    2.0
 16 01 01   1 12   21.2  0.265  0.623  0.027  408.  329.    -78.3  0.02   0.69   0.19    3.86  346.   10.0  277.5    2.0
 16 01 01   1 13   20.7  0.261  0.619  0.026  411.  319.    -76.6  0.02   0.69   0.20    3.86   13.   10.0  277.5    2.0
 16 01 01   1 14   68.5  0.280  0.932  0.025  422.  355.    -28.5  0.02   0.69   0.21    3.86  339.   10.0  277.5    2.0
 16 01 01   1 15   44.7  0.299  0.813  0.024  429.  393.    -53.6  0.02   0.69   0.24    4.36    2.   10.0  277.5    2.0
 16 01 01   1 16   12.6  0.230  0.534  0.024  431.  266.    -85.8  0.02   0.69   0.35    3.36  334.   10.0  277.5    2.0
 16 01 01   1 17    3.2 -9.000 -9.000 -9.000 -999. -999. -99999.0  0.02   0.69   0.65    0.00    0.   10.0  276.4    2.0
 16 01 01   1 18   -6.3  0.100 -9.000 -9.000 -999.   76.     14.5  0.02   0.69   1.00    1.76  287.   10.0  275.4    2.0
 16 01 01   1 19 -999.0 -9.000 -9.000 -9.000 -999. -999. -99999.0  0.02   0.69   1.00    0.00    0.   10.0  275.9    2.0
 16 01 01   1 20 -999.0 -9.000 -9.000 -9.000 -999. -999. -99999.0  0.02   0.69   1.00    0.00    0.   10.0  275.9    2.0
 16 01 01   1 21 -999.0 -9.000 -9.000 -9.000 -999. -999. -99999.0  0.02   0.69   1.00    0.00    0.   10.0  275.4    2.0
 16 01 01   1 22  -11.4  0.137 -9.000 -9.000 -999.  121.     20.5  0.02   0.69   1.00    2.36  312.   10.0  275.4    2.0
 16 01 01   1 23  -11.4  0.137 -9.000 -9.000 -999.  121.     20.5  0.02   0.69   1.00    2.36  320.   10.0  275.4    2.0
 16 01 01   1 24  -11.4  0.137 -9.000 -9.000 -999.  121.     20.5  0.02   0.69   1.00    2.36  310.   10.0  274.9    2.0


 First hour of profile data
 YR MO DY HR HEIGHT F  WDIR    WSPD AMB_TMP sigmaA  sigmaW  sigmaV
 16 01 01 01   10.0 1    1.    6.46   276.5   99.0  -99.00  -99.00

 F indicates top of profile (=1) or below (=0)
 *** AERMOD - VERSION 16216r ***   ***  01043110000366247                                                   ***        10/23/18
 *** AERMET - VERSION  16216 ***   ***  Combined particle and vapor-phase emissions                         ***        12:42:54
                                                                                                                       PAGE  12
 *** MODELOPTs:    NonDFAULT  CONC  ELEV  BETA  RURAL  ADJ_U*

                   *** THE ANNUAL AVERAGE CONCENTRATION    VALUES AVERAGED OVER   1 YEARS FOR SOURCE GROUP: CEOT0001 ***
                                  INCLUDING SOURCE(S):     CEOT0001    , 

                                   *** NETWORK ID: POLGRID1 ;  NETWORK TYPE: GRIDPOLR ***

                                        ** CONC OF UNITHAP  IN MICROGRAMS/M**3                          **

   DIRECTION |                                                DISTANCE (METERS)
   (DEGREES) |        100.00       160.00       260.00       420.00       680.00      1110.00      1800.00      3000.00      5300.00
 - - - - - - - - - - - - - - - - - - - - - - - - - - - - - - - - - - - - - - - - - - - - - - - - - - - - - - - - - - - - - - - - - -

      360.00 |     500.41193    885.64859    903.49649    598.79824    306.18433    197.38143    136.56823     93.78608     57.72989
       22.50 |     512.35589    896.00532    894.22531    590.10448    308.86249    169.18775    104.44382     76.50945     48.33754
       45.00 |     514.69958    899.93750    862.21421    538.31309    263.87246    138.11486     77.00934     51.70643     33.05399
       67.50 |     487.36265    821.31139    742.68550    430.31093    198.57775     97.55173     61.71466     44.29629     32.79471
       90.00 |     428.14840    722.72643    682.60270    417.21287    210.18988     95.80122     50.49146     30.45948     21.56400
      112.50 |     412.92017    738.89227    740.85082    475.10571    237.76960    125.83604     79.49488     55.03754     33.61145
      135.00 |     384.53574    706.28145    728.93017    485.30717    282.63639    152.38727    106.77911    129.96231     57.47508
      157.50 |     405.66610    751.09010    782.45357    536.01489    322.64764    173.46952    138.61442     95.17257     69.89885
      180.00 |     415.13495    789.21833    823.72171    580.23051    365.68447    211.76635    122.63468     80.94642     62.40796
      202.50 |     393.39869    709.63224    718.78476    523.68465    339.60004    238.75614    140.99177     93.45163     57.48809
      225.00 |     331.11720    513.35651    446.32465    275.72467    167.27112    101.77180     66.42533     47.93238     47.78063
      247.50 |     290.18090    387.13514    305.81012    172.42388     83.76142     53.39187     42.94804     36.47736     29.73613
      270.00 |     382.97904    523.39280    421.22832    248.93619    136.98668    106.91595    102.75662     94.72744     84.77484
      292.50 |     616.94869   1019.06558    962.51159    654.24076    379.80038    280.89535    226.36174    206.42194     88.80423
      315.00 |     559.50877    931.31011    882.69282    589.33171    327.16555    222.36242    184.57782    137.61349     71.11518
      337.50 |     520.49755    961.52742   1030.47459    748.85898    482.31330    268.90370    191.38270    120.71549     43.22260
 *** AERMOD - VERSION 16216r ***   ***  01043110000366247                                                   ***        10/23/18
 *** AERMET - VERSION  16216 ***   ***  Combined particle and vapor-phase emissions                         ***        12:42:54
                                                                                                                       PAGE  13
 *** MODELOPTs:    NonDFAULT  CONC  ELEV  BETA  RURAL  ADJ_U*

                   *** THE ANNUAL AVERAGE CONCENTRATION    VALUES AVERAGED OVER   1 YEARS FOR SOURCE GROUP: CEOT0001 ***
                                  INCLUDING SOURCE(S):     CEOT0001    , 

                                   *** NETWORK ID: POLGRID1 ;  NETWORK TYPE: GRIDPOLR ***

                                        ** CONC OF UNITHAP  IN MICROGRAMS/M**3                          **

   DIRECTION |                                                DISTANCE (METERS)
   (DEGREES) |       9300.00     16300.00     28600.00     50000.00
 - - - - - - - - - - - - - - - - - - - - - - - - - - - - - - - - - - - - - - - - - - - - - - - - - - - - - - - - - - - - - - - - - -

      360.00 |      15.30054      6.67764      4.11257      4.26539
       22.50 |      32.58021      7.19718      2.49722      4.45768
       45.00 |      18.77941      5.23883      2.70130      3.20864
       67.50 |      21.57469     12.01122      3.17691      4.33039
       90.00 |      17.65629      3.20347      1.60592      3.43294
      112.50 |      20.59057      3.86862      1.71352      2.37528
      135.00 |      35.15749      8.52289      2.26184      4.45992
      157.50 |      36.06393      7.20698      9.52983      4.95709
      180.00 |      32.37124     16.95404      8.31135      4.01950
      202.50 |      36.84120     19.27006      8.99331      4.25946
      225.00 |      22.09690     13.60192      6.51352      3.24179
      247.50 |      23.13272     13.77945      7.90448      3.78604
      270.00 |      42.86152     21.60274     10.93452      5.83327
      292.50 |      40.62976     26.16139     14.75714      9.07710
      315.00 |      25.19774     12.65878     13.53304      6.31727
      337.50 |      23.06601     11.17070      5.58579      5.43921
 *** AERMOD - VERSION 16216r ***   ***  01043110000366247                                                   ***        10/23/18
 *** AERMET - VERSION  16216 ***   ***  Combined particle and vapor-phase emissions                         ***        12:42:54
                                                                                                                       PAGE  14
 *** MODELOPTs:    NonDFAULT  CONC  ELEV  BETA  RURAL  ADJ_U*

                   *** THE ANNUAL AVERAGE CONCENTRATION    VALUES AVERAGED OVER   1 YEARS FOR SOURCE GROUP: CEOT0001 ***
                                  INCLUDING SOURCE(S):     CEOT0001    , 

                                             *** DISCRETE CARTESIAN RECEPTOR POINTS ***

                                        ** CONC OF UNITHAP  IN MICROGRAMS/M**3                          **

       X-COORD (M)   Y-COORD (M)        CONC                       X-COORD (M)   Y-COORD (M)        CONC
 - - - - - - - - - - - - - - - - - - - - - - - - - - - - - - - - - - - - - - - - - - - - - - - - - - - - - - - - - - - - - - - - -
         512278.00    3778241.00      157.55876                      512114.00    3778396.00      150.51711                         
         511842.00    3777276.00      169.15582                      512669.00    3776894.00      151.29074                         
         512231.00    3777800.00      179.90309                      512318.00    3777431.00      189.99292                         
         512241.00    3777394.00      188.17293                      512080.00    3775942.00       44.09995                         
         512360.00    3775509.00       38.93773                      512537.00    3776036.00       44.36208                         
         512991.00    3776386.00       60.87410                      512809.00    3776103.00       45.09757                         
         513862.00    3776752.00      198.61688                      514242.00    3776669.00      378.30982                         
         513985.00    3775602.00      184.75509                      513290.00    3775613.00       60.88915                         
         512863.00    3775594.00       42.88314                      512964.00    3775266.00       50.30781                         
         512876.00    3774905.00       56.27679                      512769.00    3774344.00       62.19250                         
         516311.00    3778989.00       60.42954                      516203.00    3779042.00       61.09235                         
         516710.00    3778621.00       43.63395                      516211.00    3778405.00       60.13349                         
         515966.00    3777143.00       63.54229                      516428.00    3777163.00       45.60264                         
         516563.00    3777188.00       41.15294                      516543.00    3777365.00       45.76792                         
         516516.00    3777537.00       49.15650                      516902.00    3777567.00       47.21720                         
         517025.00    3777078.00       32.34781                      515992.00    3779082.00       58.74580                         
         515947.00    3779272.00       60.02360                      515813.00    3779227.00       64.23860                         
         516176.00    3779129.00       58.71315                      513499.00    3779414.00      120.39904                         
         512990.00    3778975.00      142.12886                      513540.00    3778755.00      149.49198                         
         513709.00    3779336.00      110.37193                      513758.00    3778799.00      137.99601                         
         513538.00    3779339.00      117.78052                      513907.00    3779332.00      108.01300                         
         512929.00    3778459.00      138.24228                      512537.00    3778346.00      140.90344                         
         512888.00    3778192.00      144.82937                      513345.00    3778431.00      152.82918                         
         513547.00    3778062.00      172.22764                      514834.00    3778761.00      130.56092                         
         515203.00    3778323.00      106.03494                      515094.00    3778323.00      117.60966                         
         515389.00    3778069.00      101.54851                      514560.00    3777883.00      172.66737                         
         514249.00    3778377.00      130.60916                      514490.00    3778390.00      125.03788                         
         514227.00    3778271.00      138.02252                      514272.00    3778494.00      123.43439                         
         515530.00    3777924.00      105.05805                      515374.00    3777930.00      111.32785                         
         515267.00    3777903.00      116.58842                      515223.00    3777957.00      116.27800                         
         515178.00    3777897.00      124.06642                      515089.00    3777959.00      132.39427                         
         514990.00    3777961.00      148.01488                      514889.00    3778049.00      157.56941                         
         514897.00    3777813.00      178.76314                      515278.00    3777333.00      152.53868                         
         513154.00    3777166.00      231.85175                      512597.00    3777461.00      200.23498                         
         512588.00    3777738.00      187.09305                      513643.00    3777300.00      262.69262                         
         512561.00    3777189.00      194.35405                      517049.00    3776790.00       34.84711                         
         516505.00    3776371.00       49.68515                      516002.00    3776797.00       62.67681                         
         515571.00    3776702.00      106.30577                      515066.00    3776508.00      345.23946                         
         515385.00    3776216.00      170.18021                      515088.00    3774750.00      139.16567                         
         515417.00    3775995.00      152.94177                      517326.00    3776177.00       36.36212                         
 *** AERMOD - VERSION 16216r ***   ***  01043110000366247                                                   ***        10/23/18
 *** AERMET - VERSION  16216 ***   ***  Combined particle and vapor-phase emissions                         ***        12:42:54
                                                                                                                       PAGE  15
 *** MODELOPTs:    NonDFAULT  CONC  ELEV  BETA  RURAL  ADJ_U*

                   *** THE ANNUAL AVERAGE CONCENTRATION    VALUES AVERAGED OVER   1 YEARS FOR SOURCE GROUP: CEOT0001 ***
                                  INCLUDING SOURCE(S):     CEOT0001    , 

                                             *** DISCRETE CARTESIAN RECEPTOR POINTS ***

                                        ** CONC OF UNITHAP  IN MICROGRAMS/M**3                          **

       X-COORD (M)   Y-COORD (M)        CONC                       X-COORD (M)   Y-COORD (M)        CONC
 - - - - - - - - - - - - - - - - - - - - - - - - - - - - - - - - - - - - - - - - - - - - - - - - - - - - - - - - - - - - - - - - -
         516305.00    3774425.00       81.33721                      515931.00    3775066.00       98.53245                         
         516298.00    3774772.00       86.30707                      515730.00    3775661.00      114.52316                         
         513882.00    3774433.00      127.81495                      516655.00    3775261.00       82.51210                         
 *** AERMOD - VERSION 16216r ***   ***  01043110000366247                                                   ***        10/23/18
 *** AERMET - VERSION  16216 ***   ***  Combined particle and vapor-phase emissions                         ***        12:42:54
                                                                                                                       PAGE  16
 *** MODELOPTs:    NonDFAULT  CONC  ELEV  BETA  RURAL  ADJ_U*

                                   *** THE SUMMARY OF MAXIMUM ANNUAL RESULTS AVERAGED OVER   1 YEARS ***


                                    ** CONC OF UNITHAP  IN MICROGRAMS/M**3                          **

                                                                                                             NETWORK
GROUP ID                       AVERAGE CONC                RECEPTOR  (XR, YR, ZELEV, ZHILL, ZFLAG)  OF TYPE  GRID-ID
- - - - - - - - - - - - - - - - - - - - - - - - - - - - - - - - - - - - - - - - - - - - - - - - - - - - - - - - - - - - 

CEOT0001  1ST HIGHEST VALUE IS    1030.47459 AT (  514454.50,  3776898.21,   233.70,   233.70,    0.00)  GP  POLGRID1
          2ND HIGHEST VALUE IS    1019.06558 AT (  514406.18,  3776719.23,   233.70,   233.70,    0.00)  GP  POLGRID1
          3RD HIGHEST VALUE IS     962.51159 AT (  514313.79,  3776757.50,   233.70,   233.70,    0.00)  GP  POLGRID1
          4TH HIGHEST VALUE IS     961.52742 AT (  514492.77,  3776805.82,   233.70,   233.70,    0.00)  GP  POLGRID1
          5TH HIGHEST VALUE IS     931.31011 AT (  514440.86,  3776771.14,   233.70,   233.70,    0.00)  GP  POLGRID1
          6TH HIGHEST VALUE IS     903.49649 AT (  514554.00,  3776918.00,   233.70,   233.70,    0.00)  GP  POLGRID1
          7TH HIGHEST VALUE IS     899.93750 AT (  514667.14,  3776771.14,   233.70,   233.70,    0.00)  GP  POLGRID1
          8TH HIGHEST VALUE IS     896.00532 AT (  514615.23,  3776805.82,   233.70,   233.70,    0.00)  GP  POLGRID1
          9TH HIGHEST VALUE IS     894.22531 AT (  514653.50,  3776898.21,   233.70,   233.70,    0.00)  GP  POLGRID1
         10TH HIGHEST VALUE IS     885.64859 AT (  514554.00,  3776818.00,   233.70,   233.70,    0.00)  GP  POLGRID1


 *** RECEPTOR TYPES:  GC = GRIDCART
                      GP = GRIDPOLR
                      DC = DISCCART
                      DP = DISCPOLR
 *** AERMOD - VERSION 16216r ***   ***  01043110000366247                                                   ***        10/23/18
 *** AERMET - VERSION  16216 ***   ***  Combined particle and vapor-phase emissions                         ***        12:42:54
                                                                                                                       PAGE  17
 *** MODELOPTs:    NonDFAULT  CONC  ELEV  BETA  RURAL  ADJ_U*

 *** Message Summary : AERMOD Model Execution ***

  --------- Summary of Total Messages --------
  
 A Total of            0 Fatal Error Message(s)
 A Total of            3 Warning Message(s)
 A Total of          179 Informational Message(s)

 A Total of         8784 Hours Were Processed

 A Total of          103 Calm Hours Identified

 A Total of           76 Missing Hours Identified (  0.87 Percent)
  
  
    ******** FATAL ERROR MESSAGES ******** 
               ***  NONE  ***         
  
  
    ********   WARNING MESSAGES   ******** 
 ME W186     148       MEOPEN: THRESH_1MIN 1-min ASOS wind speed threshold used           0.50
 ME W187     148       MEOPEN: ADJ_U* Option for Low Winds used in AERMET                     
 OU W540     152        OUTQA: No RECTABLE/MAXTABLE/DAYTABLE for Average Period         001-HR

    ************************************
    *** AERMOD Finishes Successfully ***
    ************************************

